current directory: /home/runner/workspace/.local/share/gem/ruby/3.2.0/gems/msgpack-1.8.0/ext/msgpack
/nix/store/l8k1zfxjixk6f5sya5x86sdyxffz6bcf-ruby-3.2.2/bin/ruby extconf.rb
checking for rb_enc_interned_str() in ruby.h... yes
checking for rb_hash_new_capa() in ruby.h... yes
checking for rb_proc_call_with_block() in ruby.h... yes
checking for rb_gc_mark_locations() in ruby.h... yes
checking for whether -fvisibility=hidden is accepted as CFLAGS... yes
checking for whether -I.. is accepted as CFLAGS... yes
checking for whether -Wall is accepted as CFLAGS... yes
checking for whether -std=gnu99 is accepted as CFLAGS... yes
checking for whether -DHASH_ASET_DEDUPE=1 is accepted as CFLAGS... yes
checking for whether -DSTR_UMINUS_DEDUPE_FROZEN=1 is accepted as CFLAGS... yes
creating Makefile

current directory: /home/runner/workspace/.local/share/gem/ruby/3.2.0/gems/msgpack-1.8.0/ext/msgpack
make DESTDIR\= sitearchdir\=./.gem.20251227-4904-62h7kv sitelibdir\=./.gem.20251227-4904-62h7kv clean

current directory: /home/runner/workspace/.local/share/gem/ruby/3.2.0/gems/msgpack-1.8.0/ext/msgpack
make DESTDIR\= sitearchdir\=./.gem.20251227-4904-62h7kv sitelibdir\=./.gem.20251227-4904-62h7kv
compiling buffer.c
compiling buffer_class.c
compiling extension_value_class.c
compiling factory_class.c
compiling packer.c
compiling packer_class.c
compiling packer_ext_registry.c
compiling rbinit.c
compiling rmem.c
compiling unpacker.c
compiling unpacker_class.c
compiling unpacker_ext_registry.c
linking shared-object msgpack/msgpack.so

current directory: /home/runner/workspace/.local/share/gem/ruby/3.2.0/gems/msgpack-1.8.0/ext/msgpack
make DESTDIR\= sitearchdir\=./.gem.20251227-4904-62h7kv sitelibdir\=./.gem.20251227-4904-62h7kv install
install -c -p -m 755 msgpack.so ./.gem.20251227-4904-62h7kv/msgpack

current directory: /home/runner/workspace/.local/share/gem/ruby/3.2.0/gems/msgpack-1.8.0/ext/msgpack
make DESTDIR\= sitearchdir\=./.gem.20251227-4904-62h7kv sitelibdir\=./.gem.20251227-4904-62h7kv clean
