current directory: /home/runner/workspace/.local/share/gem/ruby/3.2.0/gems/date-3.5.1/ext/date
/nix/store/l8k1zfxjixk6f5sya5x86sdyxffz6bcf-ruby-3.2.2/bin/ruby extconf.rb
checking for rb_category_warn()... yes
checking for timezone in time.h with  -Werror... yes
checking for altzone in time.h with  -Werror... no
creating Makefile

current directory: /home/runner/workspace/.local/share/gem/ruby/3.2.0/gems/date-3.5.1/ext/date
make DESTDIR\= sitearchdir\=./.gem.20251227-4904-y0bjtv sitelibdir\=./.gem.20251227-4904-y0bjtv clean

current directory: /home/runner/workspace/.local/share/gem/ruby/3.2.0/gems/date-3.5.1/ext/date
make DESTDIR\= sitearchdir\=./.gem.20251227-4904-y0bjtv sitelibdir\=./.gem.20251227-4904-y0bjtv
compiling date_core.c
compiling date_parse.c
compiling date_strftime.c
compiling date_strptime.c
linking shared-object date_core.so

current directory: /home/runner/workspace/.local/share/gem/ruby/3.2.0/gems/date-3.5.1/ext/date
make DESTDIR\= sitearchdir\=./.gem.20251227-4904-y0bjtv sitelibdir\=./.gem.20251227-4904-y0bjtv install
install -c -p -m 755 date_core.so ./.gem.20251227-4904-y0bjtv

current directory: /home/runner/workspace/.local/share/gem/ruby/3.2.0/gems/date-3.5.1/ext/date
make DESTDIR\= sitearchdir\=./.gem.20251227-4904-y0bjtv sitelibdir\=./.gem.20251227-4904-y0bjtv clean
