current directory: /home/runner/workspace/.local/share/gem/ruby/3.2.0/gems/bcrypt-3.1.20/ext/mri
/nix/store/l8k1zfxjixk6f5sya5x86sdyxffz6bcf-ruby-3.2.2/bin/ruby extconf.rb
creating Makefile

current directory: /home/runner/workspace/.local/share/gem/ruby/3.2.0/gems/bcrypt-3.1.20/ext/mri
make DESTDIR\= sitearchdir\=./.gem.20251227-4904-h5fl4 sitelibdir\=./.gem.20251227-4904-h5fl4 clean

current directory: /home/runner/workspace/.local/share/gem/ruby/3.2.0/gems/bcrypt-3.1.20/ext/mri
make DESTDIR\= sitearchdir\=./.gem.20251227-4904-h5fl4 sitelibdir\=./.gem.20251227-4904-h5fl4
compiling bcrypt_ext.c
compiling crypt_blowfish.c
gcc  -D__SKIP_GNU     -c -o x86.o x86.S
compiling crypt_gensalt.c
compiling wrapper.c
wrapper.c:182:60: warning: ‘struct crypt_data’ declared inside parameter list will not be visible outside of this definition or declaration
  182 | char *crypt_r(const char *key, const char *setting, struct crypt_data *data)
      |                                                            ^~~~~~~~~~
linking shared-object bcrypt_ext.so

current directory: /home/runner/workspace/.local/share/gem/ruby/3.2.0/gems/bcrypt-3.1.20/ext/mri
make DESTDIR\= sitearchdir\=./.gem.20251227-4904-h5fl4 sitelibdir\=./.gem.20251227-4904-h5fl4 install
install -c -p -m 755 bcrypt_ext.so ./.gem.20251227-4904-h5fl4

current directory: /home/runner/workspace/.local/share/gem/ruby/3.2.0/gems/bcrypt-3.1.20/ext/mri
make DESTDIR\= sitearchdir\=./.gem.20251227-4904-h5fl4 sitelibdir\=./.gem.20251227-4904-h5fl4 clean
